<?xml version="1.0" encoding="UTF-8"?>
<!-- Generated by org.testng.reporters.JUnitReportReporter -->
<testsuite hostname="ArjunGupta" name="arjun.actitime1.AppTest" tests="1" failures="0" timestamp="7 Jan 2020 11:27:40 GMT" time="0.011" errors="0">
  <testcase name="testa" time="0.011" classname="arjun.actitime1.AppTest"/>
</testsuite> <!-- arjun.actitime1.AppTest -->
